
> my-react-app@0.0.0 build
> vite build

[36mvite v7.3.1 [32mbuilding client environment for production...[36m[39m
transforming...
Found 1 warning while optimizing generated CSS:

[2m│   }[22m
[2m│ }[22m
[2m│[22m @import url('https://fonts.googleapis.com/css2?family=Inter:wght@300;400;500;600;700;800&display=swap');
[2m┆[22m        [33m[2m^--[22m @import rules must precede all rules aside from @charset and @layer statements[39m
[2m┆[22m
[2m│ *, *::before, *::after {[22m
[2m│   box-sizing: border-box;[22m

[32m✓[39m 98 modules transformed.
[31m✗[39m Build failed in 704ms
[31merror during build:
[31msrc/App.jsx (6:7): "default" is not exported by "src/AdminDashboard.jsx", imported by "src/App.jsx".[31m
file: [36mC:/Users/HP/OneDrive/Desktop/New folder/pet-wellness-app/frontend/src/App.jsx:6:7[31m
[33m
4: import ForgotPassword from "./ForgotPassword";
5: import Landing_page from "./Landing_page";
6: import AdminDashboard from "./AdminDashboard";
          ^
7: import PetOwnerDashboard from "./PetOwnerDashboard";
[31m
    at getRollupError (file:///C:/Users/HP/OneDrive/Desktop/New%20folder/pet-wellness-app/frontend/node_modules/rollup/dist/es/shared/parseAst.js:402:41)
    at error (file:///C:/Users/HP/OneDrive/Desktop/New%20folder/pet-wellness-app/frontend/node_modules/rollup/dist/es/shared/parseAst.js:398:42)
    at Module.error (file:///C:/Users/HP/OneDrive/Desktop/New%20folder/pet-wellness-app/frontend/node_modules/rollup/dist/es/shared/node-entry.js:17040:16)
    at Module.traceVariable (file:///C:/Users/HP/OneDrive/Desktop/New%20folder/pet-wellness-app/frontend/node_modules/rollup/dist/es/shared/node-entry.js:17452:29)
    at ModuleScope.findVariable (file:///C:/Users/HP/OneDrive/Desktop/New%20folder/pet-wellness-app/frontend/node_modules/rollup/dist/es/shared/node-entry.js:15070:39)
    at FunctionScope.findVariable (file:///C:/Users/HP/OneDrive/Desktop/New%20folder/pet-wellness-app/frontend/node_modules/rollup/dist/es/shared/node-entry.js:5673:38)
    at FunctionBodyScope.findVariable (file:///C:/Users/HP/OneDrive/Desktop/New%20folder/pet-wellness-app/frontend/node_modules/rollup/dist/es/shared/node-entry.js:5673:38)
    at Identifier.bind (file:///C:/Users/HP/OneDrive/Desktop/New%20folder/pet-wellness-app/frontend/node_modules/rollup/dist/es/shared/node-entry.js:5447:40)
    at CallExpression.bind (file:///C:/Users/HP/OneDrive/Desktop/New%20folder/pet-wellness-app/frontend/node_modules/rollup/dist/es/shared/node-entry.js:2825:28)
    at CallExpression.bind (file:///C:/Users/HP/OneDrive/Desktop/New%20folder/pet-wellness-app/frontend/node_modules/rollup/dist/es/shared/node-entry.js:12179:15)[39m
